<?xml version="1.0" encoding="UTF-8"?>
<!-- Generated by org.testng.reporters.JUnitReportReporter -->
<testsuite hostname="DESKTOP-Q0G7KD9" failures="0" tests="1" name="Test.Capstone_InsureMe.AppTest" time="0.003" errors="0" timestamp="26 Nov 2023 17:32:28 GMT">
  <testcase classname="Test.Capstone_InsureMe.AppTest" name="shouldAnswerWithTrue" time="0.003"/>
</testsuite> <!-- Test.Capstone_InsureMe.AppTest -->
